[2024-06-07T08:34:31.311+0000] {local_task_job_runner.py:120} INFO - ::group::Pre task execution logs
[2024-06-07T08:34:31.330+0000] {taskinstance.py:2076} INFO - Dependencies all met for dep_context=non-requeueable deps ti=<TaskInstance: weather_dag.weather_api_readiness scheduled__2024-06-06T00:00:00+00:00 [queued]>
[2024-06-07T08:34:31.338+0000] {taskinstance.py:2076} INFO - Dependencies all met for dep_context=requeueable deps ti=<TaskInstance: weather_dag.weather_api_readiness scheduled__2024-06-06T00:00:00+00:00 [queued]>
[2024-06-07T08:34:31.340+0000] {taskinstance.py:2306} INFO - Starting attempt 1 of 6
[2024-06-07T08:34:31.359+0000] {taskinstance.py:2330} INFO - Executing <Task(HttpSensor): weather_api_readiness> on 2024-06-06 00:00:00+00:00
[2024-06-07T08:34:31.428+0000] {warnings.py:110} WARNING - /home/***/.local/lib/python3.12/site-packages/***/task/task_runner/standard_task_runner.py:61: DeprecationWarning: This process (pid=51) is multi-threaded, use of fork() may lead to deadlocks in the child.
  pid = os.fork()

[2024-06-07T08:34:31.430+0000] {standard_task_runner.py:63} INFO - Started process 53 to run task
[2024-06-07T08:34:31.429+0000] {standard_task_runner.py:90} INFO - Running: ['***', 'tasks', 'run', 'weather_dag', 'weather_api_readiness', 'scheduled__2024-06-06T00:00:00+00:00', '--job-id', '48', '--raw', '--subdir', 'DAGS_FOLDER/weather_dag.py', '--cfg-path', '/tmp/tmpas53anf2']
[2024-06-07T08:34:31.431+0000] {standard_task_runner.py:91} INFO - Job 48: Subtask weather_api_readiness
[2024-06-07T08:34:31.486+0000] {task_command.py:426} INFO - Running <TaskInstance: weather_dag.weather_api_readiness scheduled__2024-06-06T00:00:00+00:00 [running]> on host ad459dfafa58
[2024-06-07T08:34:31.594+0000] {taskinstance.py:2648} INFO - Exporting env vars: AIRFLOW_CTX_DAG_EMAIL='eajavon08@gmail.com' AIRFLOW_CTX_DAG_OWNER='***' AIRFLOW_CTX_DAG_ID='weather_dag' AIRFLOW_CTX_TASK_ID='weather_api_readiness' AIRFLOW_CTX_EXECUTION_DATE='2024-06-06T00:00:00+00:00' AIRFLOW_CTX_TRY_NUMBER='1' AIRFLOW_CTX_DAG_RUN_ID='scheduled__2024-06-06T00:00:00+00:00'
[2024-06-07T08:34:31.597+0000] {taskinstance.py:430} INFO - ::endgroup::
[2024-06-07T08:34:31.598+0000] {baseoperator.py:399} WARNING - HttpSensor.execute cannot be called outside TaskInstance!
[2024-06-07T08:34:31.599+0000] {http.py:137} INFO - Poking: /data/2.5/weather?q=Portland&APPID=b3f2e7f8ab423fd0c04f940d301540bc
[2024-06-07T08:34:31.616+0000] {base.py:84} INFO - Using connection ID 'weathermap_api' for task execution.
[2024-06-07T08:34:32.524+0000] {base.py:294} INFO - Success criteria met. Exiting.
[2024-06-07T08:34:32.526+0000] {taskinstance.py:441} INFO - ::group::Post task execution logs
[2024-06-07T08:34:32.532+0000] {taskinstance.py:1206} INFO - Marking task as SUCCESS. dag_id=weather_dag, task_id=weather_api_readiness, run_id=scheduled__2024-06-06T00:00:00+00:00, execution_date=20240606T000000, start_date=20240607T083431, end_date=20240607T083432
[2024-06-07T08:34:32.572+0000] {local_task_job_runner.py:240} INFO - Task exited with return code 0
[2024-06-07T08:34:32.590+0000] {warnings.py:110} WARNING - /home/***/.local/lib/python3.12/site-packages/***/models/baseoperator.py:1296: AirflowProviderDeprecationWarning: Call to deprecated class SimpleHttpOperator. (Class `SimpleHttpOperator` is deprecated and will be removed in a future release. Please use `HttpOperator` instead.)
  result = cls.__new__(cls)

[2024-06-07T08:34:32.605+0000] {taskinstance.py:3498} INFO - 1 downstream tasks scheduled from follow-on schedule check
[2024-06-07T08:34:32.608+0000] {local_task_job_runner.py:222} INFO - ::endgroup::
