[2024-06-06T22:51:37.698+0000] {local_task_job_runner.py:120} INFO - ::group::Pre task execution logs
[2024-06-06T22:51:37.717+0000] {taskinstance.py:2076} INFO - Dependencies all met for dep_context=non-requeueable deps ti=<TaskInstance: weather_dag.weather_api_readiness manual__2024-06-06T22:51:35.514282+00:00 [queued]>
[2024-06-06T22:51:37.727+0000] {taskinstance.py:2076} INFO - Dependencies all met for dep_context=requeueable deps ti=<TaskInstance: weather_dag.weather_api_readiness manual__2024-06-06T22:51:35.514282+00:00 [queued]>
[2024-06-06T22:51:37.728+0000] {taskinstance.py:2306} INFO - Starting attempt 1 of 6
[2024-06-06T22:51:37.742+0000] {taskinstance.py:2330} INFO - Executing <Task(HttpSensor): weather_api_readiness> on 2024-06-06 22:51:35.514282+00:00
[2024-06-06T22:51:37.754+0000] {warnings.py:110} WARNING - /home/***/.local/lib/python3.12/site-packages/***/task/task_runner/standard_task_runner.py:61: DeprecationWarning: This process (pid=1383) is multi-threaded, use of fork() may lead to deadlocks in the child.
  pid = os.fork()

[2024-06-06T22:51:37.755+0000] {standard_task_runner.py:90} INFO - Running: ['***', 'tasks', 'run', 'weather_dag', 'weather_api_readiness', 'manual__2024-06-06T22:51:35.514282+00:00', '--job-id', '39', '--raw', '--subdir', 'DAGS_FOLDER/weather_dag.py', '--cfg-path', '/tmp/tmpliilezck']
[2024-06-06T22:51:37.761+0000] {standard_task_runner.py:63} INFO - Started process 1385 to run task
[2024-06-06T22:51:37.762+0000] {standard_task_runner.py:91} INFO - Job 39: Subtask weather_api_readiness
[2024-06-06T22:51:37.805+0000] {task_command.py:426} INFO - Running <TaskInstance: weather_dag.weather_api_readiness manual__2024-06-06T22:51:35.514282+00:00 [running]> on host ad459dfafa58
[2024-06-06T22:51:37.885+0000] {taskinstance.py:2648} INFO - Exporting env vars: AIRFLOW_CTX_DAG_EMAIL='eajavon08@gmail.com' AIRFLOW_CTX_DAG_OWNER='***' AIRFLOW_CTX_DAG_ID='weather_dag' AIRFLOW_CTX_TASK_ID='weather_api_readiness' AIRFLOW_CTX_EXECUTION_DATE='2024-06-06T22:51:35.514282+00:00' AIRFLOW_CTX_TRY_NUMBER='1' AIRFLOW_CTX_DAG_RUN_ID='manual__2024-06-06T22:51:35.514282+00:00'
[2024-06-06T22:51:37.890+0000] {taskinstance.py:430} INFO - ::endgroup::
[2024-06-06T22:51:37.891+0000] {baseoperator.py:399} WARNING - HttpSensor.execute cannot be called outside TaskInstance!
[2024-06-06T22:51:37.892+0000] {http.py:137} INFO - Poking: /data/2.5/weather?q=Portland&APPID=b3f2e7f8ab423fd0c04f940d301540bc
[2024-06-06T22:51:37.900+0000] {base.py:84} INFO - Using connection ID 'weathermap_api' for task execution.
[2024-06-06T22:51:40.380+0000] {base.py:294} INFO - Success criteria met. Exiting.
[2024-06-06T22:51:40.380+0000] {taskinstance.py:441} INFO - ::group::Post task execution logs
[2024-06-06T22:51:40.388+0000] {taskinstance.py:1206} INFO - Marking task as SUCCESS. dag_id=weather_dag, task_id=weather_api_readiness, run_id=manual__2024-06-06T22:51:35.514282+00:00, execution_date=20240606T225135, start_date=20240606T225137, end_date=20240606T225140
[2024-06-06T22:51:40.428+0000] {local_task_job_runner.py:240} INFO - Task exited with return code 0
[2024-06-06T22:51:40.442+0000] {warnings.py:110} WARNING - /home/***/.local/lib/python3.12/site-packages/***/models/baseoperator.py:1296: AirflowProviderDeprecationWarning: Call to deprecated class SimpleHttpOperator. (Class `SimpleHttpOperator` is deprecated and will be removed in a future release. Please use `HttpOperator` instead.)
  result = cls.__new__(cls)

[2024-06-06T22:51:40.462+0000] {taskinstance.py:3498} INFO - 1 downstream tasks scheduled from follow-on schedule check
[2024-06-06T22:51:40.464+0000] {local_task_job_runner.py:222} INFO - ::endgroup::
